Traceback (most recent call last):
  File "/usr/local/python/3.10.13/lib/python3.10/site-packages/jupyter_cache/executors/utils.py", line 58, in single_nb_execution
    executenb(
  File "/home/codespace/.local/lib/python3.10/site-packages/nbclient/client.py", line 1314, in execute
    return NotebookClient(nb=nb, resources=resources, km=km, **kwargs).execute()
  File "/home/codespace/.local/lib/python3.10/site-packages/jupyter_core/utils/__init__.py", line 165, in wrapped
    return loop.run_until_complete(inner)
  File "/usr/local/python/3.10.13/lib/python3.10/asyncio/base_events.py", line 649, in run_until_complete
    return future.result()
  File "/home/codespace/.local/lib/python3.10/site-packages/nbclient/client.py", line 709, in async_execute
    await self.async_execute_cell(
  File "/home/codespace/.local/lib/python3.10/site-packages/nbclient/client.py", line 1062, in async_execute_cell
    await self._check_raise_for_error(cell, cell_index, exec_reply)
  File "/home/codespace/.local/lib/python3.10/site-packages/nbclient/client.py", line 918, in _check_raise_for_error
    raise CellExecutionError.from_cell_and_msg(cell, exec_reply_content)
nbclient.exceptions.CellExecutionError: An error occurred while executing the following cell:
------------------
import numpy as np

a = np.array([[1,0], [0,1]])
b = np.array([[1,0,0], [0,1,0],[0,0,1]])
c = np.array([[1,2,1],[3,1,2],[2,1,2]])
d = np.array([[3,1,2],[1,2,1],[2,1,2]])
e = np.array([[1,2,1],[2,4,2],[2,1,2]]) #baris 2 merupakan 2x baris 1 matriks d
f = np.array([[1,2,1],[2,4,2],[2,4,3]])
g = np.array([[6,2,4],[2,4,2],[4,2,4]])
h = np.array([[3,4],[2,1]])
i = np.array([[6,8],[4,2]])

k = np.array([[6,8],[2,1]])
j = np.array([[3,4],[2,1]])
l = np.array([[6,4],[4,1]])

z = np.array([[7,5],[2,1]])

x = np.array([[1,7,3],[0,1,4],[0,0,1]])
x1 = np.array([[1,0,0],[2,1,0],[2,1,2]])

x2=

print("Numpy Matrix is:")
# print(n_array)

det1 = np.linalg.det(x)
det = np.linalg.det(x1)

print("\nDeterminant of given 3x3 matrix:")
print(float(det1))
print(float(det))
------------------


[0;36m  Cell [0;32mIn[1], line 22[0;36m[0m
[0;31m    x2=[0m
[0m       ^[0m
[0;31mSyntaxError[0m[0;31m:[0m invalid syntax


